<?xml version="1.0" encoding="UTF-8"?>
<testsuite name="ru.stqa.pft.addressbook.tests.GroupCreationTest" tests="4" skipped="0" failures="0" errors="0" timestamp="2020-12-08T21:53:32" hostname="DESKTOP-UCJUA3S" time="14.379">
  <properties/>
  <testcase name="testBadGroupCreation" classname="ru.stqa.pft.addressbook.tests.GroupCreationTest" time="4.853"/>
  <testcase name="testGroupCreation[0](GroupData{id=2147483647, name='test 0'})" classname="ru.stqa.pft.addressbook.tests.GroupCreationTest" time="3.322"/>
  <testcase name="testGroupCreation[1](GroupData{id=2147483647, name='test 1'})" classname="ru.stqa.pft.addressbook.tests.GroupCreationTest" time="3.22"/>
  <testcase name="testGroupCreation[2](GroupData{id=2147483647, name='test 2'})" classname="ru.stqa.pft.addressbook.tests.GroupCreationTest" time="2.875"/>
  <system-out><![CDATA[]]></system-out>
  <system-err><![CDATA[]]></system-err>
</testsuite>
